SF:lib/src/open_meteo_api_client.dart
DA:17,1
DA:18,1
DA:23,1
DA:24,1
DA:27,1
DA:33,2
DA:35,2
DA:36,1
DA:40,1
DA:42,0
DA:43,0
DA:46,0
DA:48,0
DA:50,0
DA:53,1
DA:54,2
DA:60,0
DA:62,0
DA:64,0
DA:66,0
DA:67,0
DA:70,0
DA:72,0
DA:75,1
DA:76,2
LF:25
LH:13
end_of_record
SF:lib/src/models/location.dart
DA:12,1
DA:18,2
LF:2
LH:2
end_of_record
SF:lib/src/models/location.g.dart
DA:11,2
DA:14,1
DA:15,1
DA:16,3
DA:17,2
DA:18,3
DA:19,3
LF:7
LH:7
end_of_record
SF:lib/src/models/weather.dart
DA:11,1
DA:16,2
LF:2
LH:2
end_of_record
SF:lib/src/models/weather.g.dart
DA:11,2
DA:14,1
DA:15,1
DA:17,3
DA:19,3
LF:5
LH:5
end_of_record
